# JRE version: Java(TM) SE Runtime Environment (8.0_25-b17) (build 1.8.0_25-b17)
# Java VM: Java HotSpot(TM) 64-Bit Server VM (25.25-b02 mixed mode linux-amd64 compressed oops)
Heap:
 PSYoungGen      total 278528K, used 14382K [0x00000000d7780000, 0x00000000ea680000, 0x0000000100000000)
  eden space 248320K, 0% used [0x00000000d7780000,0x00000000d7780000,0x00000000e6a00000)
  from space 30208K, 47% used [0x00000000e6a00000,0x00000000e780b9c0,0x00000000e8780000)
  to   space 28672K, 0% used [0x00000000e8780000,0x00000000e8780000,0x00000000ea380000)
 ParOldGen       total 83456K, used 54702K [0x0000000086600000, 0x000000008b780000, 0x00000000d7780000)
  object space 83456K, 65% used [0x0000000086600000,0x0000000089b6b878,0x000000008b780000)
 Metaspace       used 6912K, capacity 7046K, committed 7296K, reserved 1056768K
  class space    used 810K, capacity 851K, committed 896K, reserved 1048576K
GC Heap History (10 events):
Event: 3.124 GC heap after
Heap after GC invocations=2 (full 0):
 PSYoungGen      total 67584K, used 5119K [0x00000000d7780000, 0x00000000dbe80000, 0x0000000100000000)
  eden space 62464K, 0% used [0x00000000d7780000,0x00000000d7780000,0x00000000db480000)
  from space 5120K, 99% used [0x00000000db980000,0x00000000dbe7fd50,0x00000000dbe80000)
  to   space 5120K, 0% used [0x00000000db480000,0x00000000db480000,0x00000000db980000)
 ParOldGen       total 83456K, used 15643K [0x0000000086600000, 0x000000008b780000, 0x00000000d7780000)
  object space 83456K, 18% used [0x0000000086600000,0x0000000087546db0,0x000000008b780000)
 Metaspace       used 6850K, capacity 6978K, committed 7040K, reserved 1056768K
  class space    used 807K, capacity 851K, committed 896K, reserved 1048576K
}
Event: 4.088 GC heap before
{Heap before GC invocations=3 (full 0):
 PSYoungGen      total 67584K, used 67583K [0x00000000d7780000, 0x00000000dbe80000, 0x0000000100000000)
  eden space 62464K, 100% used [0x00000000d7780000,0x00000000db480000,0x00000000db480000)
  from space 5120K, 99% used [0x00000000db980000,0x00000000dbe7fd50,0x00000000dbe80000)
  to   space 5120K, 0% used [0x00000000db480000,0x00000000db480000,0x00000000db980000)
 ParOldGen       total 83456K, used 15643K [0x0000000086600000, 0x000000008b780000, 0x00000000d7780000)
  object space 83456K, 18% used [0x0000000086600000,0x0000000087546db0,0x000000008b780000)
 Metaspace       used 6850K, capacity 6978K, committed 7040K, reserved 1056768K
  class space    used 807K, capacity 851K, committed 896K, reserved 1048576K
Event: 4.180 GC heap after
Heap after GC invocations=3 (full 0):
 PSYoungGen      total 67584K, used 5099K [0x00000000d7780000, 0x00000000dfb80000, 0x0000000100000000)
  eden space 62464K, 0% used [0x00000000d7780000,0x00000000d7780000,0x00000000db480000)
  from space 5120K, 99% used [0x00000000db480000,0x00000000db97acd0,0x00000000db980000)
  to   space 5120K, 0% used [0x00000000df680000,0x00000000df680000,0x00000000dfb80000)
 ParOldGen       total 83456K, used 38360K [0x0000000086600000, 0x000000008b780000, 0x00000000d7780000)
  object space 83456K, 45% used [0x0000000086600000,0x0000000088b76160,0x000000008b780000)
 Metaspace       used 6850K, capacity 6978K, committed 7040K, reserved 1056768K
  class space    used 807K, capacity 851K, committed 896K, reserved 1048576K
}
Event: 4.939 GC heap before
{Heap before GC invocations=4 (full 0):
 PSYoungGen      total 67584K, used 67563K [0x00000000d7780000, 0x00000000dfb80000, 0x0000000100000000)
  eden space 62464K, 100% used [0x00000000d7780000,0x00000000db480000,0x00000000db480000)
  from space 5120K, 99% used [0x00000000db480000,0x00000000db97acd0,0x00000000db980000)
  to   space 5120K, 0% used [0x00000000df680000,0x00000000df680000,0x00000000dfb80000)
 ParOldGen       total 83456K, used 38360K [0x0000000086600000, 0x000000008b780000, 0x00000000d7780000)
  object space 83456K, 45% used [0x0000000086600000,0x0000000088b76160,0x000000008b780000)
 Metaspace       used 6866K, capacity 6978K, committed 7040K, reserved 1056768K
  class space    used 807K, capacity 851K, committed 896K, reserved 1048576K
Event: 4.999 GC heap after
Heap after GC invocations=4 (full 0):
 PSYoungGen      total 130048K, used 5119K [0x00000000d7780000, 0x00000000dfb80000, 0x0000000100000000)
  eden space 124928K, 0% used [0x00000000d7780000,0x00000000d7780000,0x00000000df180000)
  from space 5120K, 99% used [0x00000000df680000,0x00000000dfb7ff30,0x00000000dfb80000)
  to   space 5120K, 0% used [0x00000000df180000,0x00000000df180000,0x00000000df680000)
 ParOldGen       total 83456K, used 48140K [0x0000000086600000, 0x000000008b780000, 0x00000000d7780000)
  object space 83456K, 57% used [0x0000000086600000,0x0000000089503040,0x000000008b780000)
 Metaspace       used 6866K, capacity 6978K, committed 7040K, reserved 1056768K
  class space    used 807K, capacity 851K, committed 896K, reserved 1048576K
}
Event: 6.708 GC heap before
{Heap before GC invocations=5 (full 0):
 PSYoungGen      total 130048K, used 130047K [0x00000000d7780000, 0x00000000dfb80000, 0x0000000100000000)
  eden space 124928K, 100% used [0x00000000d7780000,0x00000000df180000,0x00000000df180000)
  from space 5120K, 99% used [0x00000000df680000,0x00000000dfb7ff30,0x00000000dfb80000)
  to   space 5120K, 0% used [0x00000000df180000,0x00000000df180000,0x00000000df680000)
 ParOldGen       total 83456K, used 48140K [0x0000000086600000, 0x000000008b780000, 0x00000000d7780000)
  object space 83456K, 57% used [0x0000000086600000,0x0000000089503040,0x000000008b780000)
 Metaspace       used 6870K, capacity 6978K, committed 7040K, reserved 1056768K
  class space    used 807K, capacity 851K, committed 896K, reserved 1048576K
Event: 6.744 GC heap after
Heap after GC invocations=5 (full 0):
 PSYoungGen      total 130048K, used 5115K [0x00000000d7780000, 0x00000000ea380000, 0x0000000100000000)
  eden space 124928K, 0% used [0x00000000d7780000,0x00000000d7780000,0x00000000df180000)
  from space 5120K, 99% used [0x00000000df180000,0x00000000df67ee88,0x00000000df680000)
  to   space 28672K, 0% used [0x00000000e8780000,0x00000000e8780000,0x00000000ea380000)
 ParOldGen       total 83456K, used 54454K [0x0000000086600000, 0x000000008b780000, 0x00000000d7780000)
  object space 83456K, 65% used [0x0000000086600000,0x0000000089b2d858,0x000000008b780000)
 Metaspace       used 6870K, capacity 6978K, committed 7040K, reserved 1056768K
  class space    used 807K, capacity 851K, committed 896K, reserved 1048576K
}
Event: 9.624 GC heap before
{Heap before GC invocations=6 (full 0):
 PSYoungGen      total 130048K, used 130043K [0x00000000d7780000, 0x00000000ea380000, 0x0000000100000000)
  eden space 124928K, 100% used [0x00000000d7780000,0x00000000df180000,0x00000000df180000)
  from space 5120K, 99% used [0x00000000df180000,0x00000000df67ee88,0x00000000df680000)
  to   space 28672K, 0% used [0x00000000e8780000,0x00000000e8780000,0x00000000ea380000)
 ParOldGen       total 83456K, used 54454K [0x0000000086600000, 0x000000008b780000, 0x00000000d7780000)
  object space 83456K, 65% used [0x0000000086600000,0x0000000089b2d858,0x000000008b780000)
 Metaspace       used 6911K, capacity 7046K, committed 7296K, reserved 1056768K
  class space    used 810K, capacity 851K, committed 896K, reserved 1048576K
Event: 9.676 GC heap after
Heap after GC invocations=6 (full 0):
 PSYoungGen      total 276992K, used 22043K [0x00000000d7780000, 0x00000000ea680000, 0x0000000100000000)
  eden space 248320K, 0% used [0x00000000d7780000,0x00000000d7780000,0x00000000e6a00000)
  from space 28672K, 76% used [0x00000000e8780000,0x00000000e9d06f30,0x00000000ea380000)
  to   space 30208K, 0% used [0x00000000e6a00000,0x00000000e6a00000,0x00000000e8780000)
 ParOldGen       total 83456K, used 54454K [0x0000000086600000, 0x000000008b780000, 0x00000000d7780000)
  object space 83456K, 65% used [0x0000000086600000,0x0000000089b2d858,0x000000008b780000)
 Metaspace       used 6911K, capacity 7046K, committed 7296K, reserved 1056768K
  class space    used 810K, capacity 851K, committed 896K, reserved 1048576K
}
Event: 11.728 GC heap before
{Heap before GC invocations=7 (full 0):
 PSYoungGen      total 276992K, used 270363K [0x00000000d7780000, 0x00000000ea680000, 0x0000000100000000)
  eden space 248320K, 100% used [0x00000000d7780000,0x00000000e6a00000,0x00000000e6a00000)
  from space 28672K, 76% used [0x00000000e8780000,0x00000000e9d06f30,0x00000000ea380000)
  to   space 30208K, 0% used [0x00000000e6a00000,0x00000000e6a00000,0x00000000e8780000)
 ParOldGen       total 83456K, used 54454K [0x0000000086600000, 0x000000008b780000, 0x00000000d7780000)
  object space 83456K, 65% used [0x0000000086600000,0x0000000089b2d858,0x000000008b780000)
 Metaspace       used 6912K, capacity 7046K, committed 7296K, reserved 1056768K
  class space    used 810K, capacity 851K, committed 896K, reserved 1048576K

