# JRE version: Java(TM) SE Runtime Environment (8.0_25-b17) (build 1.8.0_25-b17)
# Java VM: Java HotSpot(TM) 64-Bit Server VM (25.25-b02 mixed mode linux-amd64 compressed oops)
Heap:
 PSYoungGen      total 612352K, used 0K [0x00000000d7780000, 0x0000000100000000, 0x0000000100000000)
  eden space 579072K, 0% used [0x00000000d7780000,0x00000000d7780000,0x00000000fad00000)
  from space 33280K, 0% used [0x00000000fdf80000,0x00000000fdf80000,0x0000000100000000)
  to   space 42496K, 0% used [0x00000000fad00000,0x00000000fad00000,0x00000000fd680000)
 ParOldGen       total 778752K, used 500760K [0x0000000086600000, 0x00000000b5e80000, 0x00000000d7780000)
  object space 778752K, 64% used [0x0000000086600000,0x00000000a4f062d0,0x00000000b5e80000)
 Metaspace       used 10148K, capacity 10350K, committed 10496K, reserved 1058816K
  class space    used 1146K, capacity 1189K, committed 1280K, reserved 1048576K
GC Heap History (10 events):
Event: 21.890 GC heap after
Heap after GC invocations=18 (full 4):
 PSYoungGen      total 623616K, used 25184K [0x00000000d7780000, 0x0000000100000000, 0x0000000100000000)
  eden space 597504K, 0% used [0x00000000d7780000,0x00000000d7780000,0x00000000fbf00000)
  from space 26112K, 96% used [0x00000000fe680000,0x00000000fff18080,0x0000000100000000)
  to   space 33280K, 0% used [0x00000000fbf00000,0x00000000fbf00000,0x00000000fdf80000)
 ParOldGen       total 429056K, used 355135K [0x0000000086600000, 0x00000000a0900000, 0x00000000d7780000)
  object space 429056K, 82% used [0x0000000086600000,0x000000009c0cfc30,0x00000000a0900000)
 Metaspace       used 10032K, capacity 10146K, committed 10240K, reserved 1058816K
  class space    used 1141K, capacity 1187K, committed 1280K, reserved 1048576K
}
Event: 21.890 GC heap before
{Heap before GC invocations=19 (full 5):
 PSYoungGen      total 623616K, used 25184K [0x00000000d7780000, 0x0000000100000000, 0x0000000100000000)
  eden space 597504K, 0% used [0x00000000d7780000,0x00000000d7780000,0x00000000fbf00000)
  from space 26112K, 96% used [0x00000000fe680000,0x00000000fff18080,0x0000000100000000)
  to   space 33280K, 0% used [0x00000000fbf00000,0x00000000fbf00000,0x00000000fdf80000)
 ParOldGen       total 429056K, used 355135K [0x0000000086600000, 0x00000000a0900000, 0x00000000d7780000)
  object space 429056K, 82% used [0x0000000086600000,0x000000009c0cfc30,0x00000000a0900000)
 Metaspace       used 10032K, capacity 10146K, committed 10240K, reserved 1058816K
  class space    used 1141K, capacity 1187K, committed 1280K, reserved 1048576K
Event: 21.968 GC heap after
Heap after GC invocations=19 (full 5):
 PSYoungGen      total 623616K, used 0K [0x00000000d7780000, 0x0000000100000000, 0x0000000100000000)
  eden space 597504K, 0% used [0x00000000d7780000,0x00000000d7780000,0x00000000fbf00000)
  from space 26112K, 0% used [0x00000000fe680000,0x00000000fe680000,0x0000000100000000)
  to   space 33280K, 0% used [0x00000000fbf00000,0x00000000fbf00000,0x00000000fdf80000)
 ParOldGen       total 224768K, used 46638K [0x0000000086600000, 0x0000000094180000, 0x00000000d7780000)
  object space 224768K, 20% used [0x0000000086600000,0x000000008938bb68,0x0000000094180000)
 Metaspace       used 10032K, capacity 10146K, committed 10240K, reserved 1058816K
  class space    used 1141K, capacity 1187K, committed 1280K, reserved 1048576K
}
Event: 22.968 GC heap before
{Heap before GC invocations=20 (full 5):
 PSYoungGen      total 623616K, used 597504K [0x00000000d7780000, 0x0000000100000000, 0x0000000100000000)
  eden space 597504K, 100% used [0x00000000d7780000,0x00000000fbf00000,0x00000000fbf00000)
  from space 26112K, 0% used [0x00000000fe680000,0x00000000fe680000,0x0000000100000000)
  to   space 33280K, 0% used [0x00000000fbf00000,0x00000000fbf00000,0x00000000fdf80000)
 ParOldGen       total 224768K, used 46638K [0x0000000086600000, 0x0000000094180000, 0x00000000d7780000)
  object space 224768K, 20% used [0x0000000086600000,0x000000008938bb68,0x0000000094180000)
 Metaspace       used 10129K, capacity 10286K, committed 10496K, reserved 1058816K
  class space    used 1146K, capacity 1189K, committed 1280K, reserved 1048576K
Event: 23.188 GC heap after
Heap after GC invocations=20 (full 5):
 PSYoungGen      total 630784K, used 33248K [0x00000000d7780000, 0x0000000100000000, 0x0000000100000000)
  eden space 597504K, 0% used [0x00000000d7780000,0x00000000d7780000,0x00000000fbf00000)
  from space 33280K, 99% used [0x00000000fbf00000,0x00000000fdf783a0,0x00000000fdf80000)
  to   space 33280K, 0% used [0x00000000fdf80000,0x00000000fdf80000,0x0000000100000000)
 ParOldGen       total 370688K, used 369203K [0x0000000086600000, 0x000000009d000000, 0x00000000d7780000)
  object space 370688K, 99% used [0x0000000086600000,0x000000009ce8cf18,0x000000009d000000)
 Metaspace       used 10129K, capacity 10286K, committed 10496K, reserved 1058816K
  class space    used 1146K, capacity 1189K, committed 1280K, reserved 1048576K
}
Event: 23.188 GC heap before
{Heap before GC invocations=21 (full 6):
 PSYoungGen      total 630784K, used 33248K [0x00000000d7780000, 0x0000000100000000, 0x0000000100000000)
  eden space 597504K, 0% used [0x00000000d7780000,0x00000000d7780000,0x00000000fbf00000)
  from space 33280K, 99% used [0x00000000fbf00000,0x00000000fdf783a0,0x00000000fdf80000)
  to   space 33280K, 0% used [0x00000000fdf80000,0x00000000fdf80000,0x0000000100000000)
 ParOldGen       total 370688K, used 369203K [0x0000000086600000, 0x000000009d000000, 0x00000000d7780000)
  object space 370688K, 99% used [0x0000000086600000,0x000000009ce8cf18,0x000000009d000000)
 Metaspace       used 10129K, capacity 10286K, committed 10496K, reserved 1058816K
  class space    used 1146K, capacity 1189K, committed 1280K, reserved 1048576K
Event: 23.342 GC heap after
Heap after GC invocations=21 (full 6):
 PSYoungGen      total 630784K, used 0K [0x00000000d7780000, 0x0000000100000000, 0x0000000100000000)
  eden space 597504K, 0% used [0x00000000d7780000,0x00000000d7780000,0x00000000fbf00000)
  from space 33280K, 0% used [0x00000000fbf00000,0x00000000fbf00000,0x00000000fdf80000)
  to   space 33280K, 0% used [0x00000000fdf80000,0x00000000fdf80000,0x0000000100000000)
 ParOldGen       total 658944K, used 360575K [0x0000000086600000, 0x00000000ae980000, 0x00000000d7780000)
  object space 658944K, 54% used [0x0000000086600000,0x000000009c61ff10,0x00000000ae980000)
 Metaspace       used 10129K, capacity 10286K, committed 10496K, reserved 1058816K
  class space    used 1146K, capacity 1189K, committed 1280K, reserved 1048576K
}
Event: 23.733 GC heap before
{Heap before GC invocations=22 (full 6):
 PSYoungGen      total 630784K, used 597504K [0x00000000d7780000, 0x0000000100000000, 0x0000000100000000)
  eden space 597504K, 100% used [0x00000000d7780000,0x00000000fbf00000,0x00000000fbf00000)
  from space 33280K, 0% used [0x00000000fbf00000,0x00000000fbf00000,0x00000000fdf80000)
  to   space 33280K, 0% used [0x00000000fdf80000,0x00000000fdf80000,0x0000000100000000)
 ParOldGen       total 658944K, used 360575K [0x0000000086600000, 0x00000000ae980000, 0x00000000d7780000)
  object space 658944K, 54% used [0x0000000086600000,0x000000009c61ff10,0x00000000ae980000)
 Metaspace       used 10148K, capacity 10350K, committed 10496K, reserved 1058816K
  class space    used 1146K, capacity 1189K, committed 1280K, reserved 1048576K
Event: 24.453 GC heap after
Heap after GC invocations=22 (full 6):
 PSYoungGen      total 612352K, used 32864K [0x00000000d7780000, 0x0000000100000000, 0x0000000100000000)
  eden space 579072K, 0% used [0x00000000d7780000,0x00000000d7780000,0x00000000fad00000)
  from space 33280K, 98% used [0x00000000fdf80000,0x00000000fff98200,0x0000000100000000)
  to   space 42496K, 0% used [0x00000000fad00000,0x00000000fad00000,0x00000000fd680000)
 ParOldGen       total 778752K, used 778382K [0x0000000086600000, 0x00000000b5e80000, 0x00000000d7780000)
  object space 778752K, 99% used [0x0000000086600000,0x00000000b5e23890,0x00000000b5e80000)
 Metaspace       used 10148K, capacity 10350K, committed 10496K, reserved 1058816K
  class space    used 1146K, capacity 1189K, committed 1280K, reserved 1048576K
}
Event: 24.454 GC heap before
{Heap before GC invocations=23 (full 7):
 PSYoungGen      total 612352K, used 32864K [0x00000000d7780000, 0x0000000100000000, 0x0000000100000000)
  eden space 579072K, 0% used [0x00000000d7780000,0x00000000d7780000,0x00000000fad00000)
  from space 33280K, 98% used [0x00000000fdf80000,0x00000000fff98200,0x0000000100000000)
  to   space 42496K, 0% used [0x00000000fad00000,0x00000000fad00000,0x00000000fd680000)
 ParOldGen       total 778752K, used 778382K [0x0000000086600000, 0x00000000b5e80000, 0x00000000d7780000)
  object space 778752K, 99% used [0x0000000086600000,0x00000000b5e23890,0x00000000b5e80000)
 Metaspace       used 10148K, capacity 10350K, committed 10496K, reserved 1058816K
  class space    used 1146K, capacity 1189K, committed 1280K, reserved 1048576K

