# JRE version: Java(TM) SE Runtime Environment (8.0_60-b27) (build 1.8.0_60-b27)
# Java VM: Java HotSpot(TM) 64-Bit Server VM (25.60-b23 mixed mode linux-amd64 compressed oops)
Heap:
 PSYoungGen      total 2735104K, used 2718970K [0x0000000718980000, 0x00000007c0000000, 0x00000007c0000000)
  eden space 2727936K, 99% used [0x0000000718980000,0x00000007be445368,0x00000007bf180000)
  from space 7168K, 63% used [0x00000007bf180000,0x00000007bf5f9778,0x00000007bf880000)
  to   space 7168K, 0% used [0x00000007bf900000,0x00000007bf900000,0x00000007c0000000)
 ParOldGen       total 3214336K, used 2258138K [0x00000005c9c00000, 0x000000068df00000, 0x0000000718980000)
  object space 3214336K, 70% used [0x00000005c9c00000,0x0000000653936930,0x000000068df00000)
 Metaspace       used 16456K, capacity 16704K, committed 17536K, reserved 1064960K
  class space    used 1698K, capacity 1796K, committed 1920K, reserved 1048576K
GC Heap History (10 events):
Event: 2642.681 GC heap before
{Heap before GC invocations=2747 (full 46):
 PSYoungGen      total 2735616K, used 2732211K [0x0000000718980000, 0x00000007c0000000, 0x00000007c0000000)
  eden space 2728448K, 100% used [0x0000000718980000,0x00000007bf200000,0x00000007bf200000)
  from space 7168K, 52% used [0x00000007bf900000,0x00000007bfcacc48,0x00000007c0000000)
  to   space 7168K, 0% used [0x00000007bf200000,0x00000007bf200000,0x00000007bf900000)
 ParOldGen       total 3214336K, used 2258138K [0x00000005c9c00000, 0x000000068df00000, 0x0000000718980000)
  object space 3214336K, 70% used [0x00000005c9c00000,0x0000000653936930,0x000000068df00000)
 Metaspace       used 15293K, capacity 15552K, committed 16384K, reserved 1064960K
  class space    used 1583K, capacity 1668K, committed 1792K, reserved 1048576K
Event: 2642.689 GC heap after
Heap after GC invocations=2747 (full 46):
 PSYoungGen      total 2735616K, used 3224K [0x0000000718980000, 0x00000007c0000000, 0x00000007c0000000)
  eden space 2728448K, 0% used [0x0000000718980000,0x0000000718980000,0x00000007bf200000)
  from space 7168K, 44% used [0x00000007bf200000,0x00000007bf5262a8,0x00000007bf900000)
  to   space 7168K, 0% used [0x00000007bf900000,0x00000007bf900000,0x00000007c0000000)
 ParOldGen       total 3214336K, used 2258138K [0x00000005c9c00000, 0x000000068df00000, 0x0000000718980000)
  object space 3214336K, 70% used [0x00000005c9c00000,0x0000000653936930,0x000000068df00000)
 Metaspace       used 15293K, capacity 15552K, committed 16384K, reserved 1064960K
  class space    used 1583K, capacity 1668K, committed 1792K, reserved 1048576K
}
Event: 2643.637 GC heap before
{Heap before GC invocations=2748 (full 46):
 PSYoungGen      total 2735616K, used 2731672K [0x0000000718980000, 0x00000007c0000000, 0x00000007c0000000)
  eden space 2728448K, 100% used [0x0000000718980000,0x00000007bf200000,0x00000007bf200000)
  from space 7168K, 44% used [0x00000007bf200000,0x00000007bf5262a8,0x00000007bf900000)
  to   space 7168K, 0% used [0x00000007bf900000,0x00000007bf900000,0x00000007c0000000)
 ParOldGen       total 3214336K, used 2258138K [0x00000005c9c00000, 0x000000068df00000, 0x0000000718980000)
  object space 3214336K, 70% used [0x00000005c9c00000,0x0000000653936930,0x000000068df00000)
 Metaspace       used 15293K, capacity 15552K, committed 16384K, reserved 1064960K
  class space    used 1583K, capacity 1668K, committed 1792K, reserved 1048576K
Event: 2643.655 GC heap after
Heap after GC invocations=2748 (full 46):
 PSYoungGen      total 2734592K, used 5623K [0x0000000718980000, 0x00000007c0000000, 0x00000007c0000000)
  eden space 2727424K, 0% used [0x0000000718980000,0x0000000718980000,0x00000007bf100000)
  from space 7168K, 78% used [0x00000007bf900000,0x00000007bfe7dd08,0x00000007c0000000)
  to   space 7680K, 0% used [0x00000007bf100000,0x00000007bf100000,0x00000007bf880000)
 ParOldGen       total 3214336K, used 2258138K [0x00000005c9c00000, 0x000000068df00000, 0x0000000718980000)
  object space 3214336K, 70% used [0x00000005c9c00000,0x0000000653936930,0x000000068df00000)
 Metaspace       used 15293K, capacity 15552K, committed 16384K, reserved 1064960K
  class space    used 1583K, capacity 1668K, committed 1792K, reserved 1048576K
}
Event: 2644.604 GC heap before
{Heap before GC invocations=2749 (full 46):
 PSYoungGen      total 2734592K, used 2733047K [0x0000000718980000, 0x00000007c0000000, 0x00000007c0000000)
  eden space 2727424K, 100% used [0x0000000718980000,0x00000007bf100000,0x00000007bf100000)
  from space 7168K, 78% used [0x00000007bf900000,0x00000007bfe7dd08,0x00000007c0000000)
  to   space 7680K, 0% used [0x00000007bf100000,0x00000007bf100000,0x00000007bf880000)
 ParOldGen       total 3214336K, used 2258138K [0x00000005c9c00000, 0x000000068df00000, 0x0000000718980000)
  object space 3214336K, 70% used [0x00000005c9c00000,0x0000000653936930,0x000000068df00000)
 Metaspace       used 15293K, capacity 15552K, committed 16384K, reserved 1064960K
  class space    used 1583K, capacity 1668K, committed 1792K, reserved 1048576K
Event: 2644.612 GC heap after
Heap after GC invocations=2749 (full 46):
 PSYoungGen      total 2735104K, used 5226K [0x0000000718980000, 0x00000007bff80000, 0x00000007c0000000)
  eden space 2727424K, 0% used [0x0000000718980000,0x0000000718980000,0x00000007bf100000)
  from space 7680K, 68% used [0x00000007bf100000,0x00000007bf61abd8,0x00000007bf880000)
  to   space 7168K, 0% used [0x00000007bf880000,0x00000007bf880000,0x00000007bff80000)
 ParOldGen       total 3214336K, used 2258138K [0x00000005c9c00000, 0x000000068df00000, 0x0000000718980000)
  object space 3214336K, 70% used [0x00000005c9c00000,0x0000000653936930,0x000000068df00000)
 Metaspace       used 15293K, capacity 15552K, committed 16384K, reserved 1064960K
  class space    used 1583K, capacity 1668K, committed 1792K, reserved 1048576K
}
Event: 2645.557 GC heap before
{Heap before GC invocations=2750 (full 46):
 PSYoungGen      total 2735104K, used 2732650K [0x0000000718980000, 0x00000007bff80000, 0x00000007c0000000)
  eden space 2727424K, 100% used [0x0000000718980000,0x00000007bf100000,0x00000007bf100000)
  from space 7680K, 68% used [0x00000007bf100000,0x00000007bf61abd8,0x00000007bf880000)
  to   space 7168K, 0% used [0x00000007bf880000,0x00000007bf880000,0x00000007bff80000)
 ParOldGen       total 3214336K, used 2258138K [0x00000005c9c00000, 0x000000068df00000, 0x0000000718980000)
  object space 3214336K, 70% used [0x00000005c9c00000,0x0000000653936930,0x000000068df00000)
 Metaspace       used 15293K, capacity 15552K, committed 16384K, reserved 1064960K
  class space    used 1583K, capacity 1668K, committed 1792K, reserved 1048576K
Event: 2645.565 GC heap after
Heap after GC invocations=2750 (full 46):
 PSYoungGen      total 2735104K, used 4275K [0x0000000718980000, 0x00000007bff80000, 0x00000007c0000000)
  eden space 2727936K, 0% used [0x0000000718980000,0x0000000718980000,0x00000007bf180000)
  from space 7168K, 59% used [0x00000007bf880000,0x00000007bfcacc68,0x00000007bff80000)
  to   space 7168K, 0% used [0x00000007bf180000,0x00000007bf180000,0x00000007bf880000)
 ParOldGen       total 3214336K, used 2258138K [0x00000005c9c00000, 0x000000068df00000, 0x0000000718980000)
  object space 3214336K, 70% used [0x00000005c9c00000,0x0000000653936930,0x000000068df00000)
 Metaspace       used 15293K, capacity 15552K, committed 16384K, reserved 1064960K
  class space    used 1583K, capacity 1668K, committed 1792K, reserved 1048576K
}
Event: 2646.524 GC heap before
{Heap before GC invocations=2751 (full 46):
 PSYoungGen      total 2735104K, used 2732211K [0x0000000718980000, 0x00000007bff80000, 0x00000007c0000000)
  eden space 2727936K, 100% used [0x0000000718980000,0x00000007bf180000,0x00000007bf180000)
  from space 7168K, 59% used [0x00000007bf880000,0x00000007bfcacc68,0x00000007bff80000)
  to   space 7168K, 0% used [0x00000007bf180000,0x00000007bf180000,0x00000007bf880000)
 ParOldGen       total 3214336K, used 2258138K [0x00000005c9c00000, 0x000000068df00000, 0x0000000718980000)
  object space 3214336K, 70% used [0x00000005c9c00000,0x0000000653936930,0x000000068df00000)
 Metaspace       used 15293K, capacity 15552K, committed 16384K, reserved 1064960K
  class space    used 1583K, capacity 1668K, committed 1792K, reserved 1048576K
Event: 2646.533 GC heap after
Heap after GC invocations=2751 (full 46):
 PSYoungGen      total 2735104K, used 4581K [0x0000000718980000, 0x00000007c0000000, 0x00000007c0000000)
  eden space 2727936K, 0% used [0x0000000718980000,0x0000000718980000,0x00000007bf180000)
  from space 7168K, 63% used [0x00000007bf180000,0x00000007bf5f9778,0x00000007bf880000)
  to   space 7168K, 0% used [0x00000007bf900000,0x00000007bf900000,0x00000007c0000000)
 ParOldGen       total 3214336K, used 2258138K [0x00000005c9c00000, 0x000000068df00000, 0x0000000718980000)
  object space 3214336K, 70% used [0x00000005c9c00000,0x0000000653936930,0x000000068df00000)
 Metaspace       used 15293K, capacity 15552K, committed 16384K, reserved 1064960K
  class space    used 1583K, capacity 1668K, committed 1792K, reserved 1048576K
}

