# JRE version: Java(TM) SE Runtime Environment (8.0_51-b16) (build 1.8.0_51-b16)
# Java VM: Java HotSpot(TM) 64-Bit Server VM (25.51-b03 mixed mode linux-amd64 compressed oops)
Heap:
 PSYoungGen      total 536576K, used 83013K [0x00000000d7780000, 0x0000000100000000, 0x0000000100000000)
  eden space 452096K, 0% used [0x00000000d7780000,0x00000000d7780000,0x00000000f3100000)
  from space 84480K, 98% used [0x00000000fad80000,0x00000000ffe91708,0x0000000100000000)
  to   space 105984K, 0% used [0x00000000f3100000,0x00000000f3100000,0x00000000f9880000)
 ParOldGen       total 461824K, used 461673K [0x0000000086600000, 0x00000000a2900000, 0x00000000d7780000)
  object space 461824K, 99% used [0x0000000086600000,0x00000000a28da6f8,0x00000000a2900000)
 Metaspace       used 10115K, capacity 10280K, committed 10368K, reserved 1058816K
  class space    used 1066K, capacity 1108K, committed 1152K, reserved 1048576K
GC Heap History (10 events):
Event: 27.283 GC heap after
Heap after GC invocations=27 (full 4):
 PSYoungGen      total 600064K, used 7183K [0x00000000d7780000, 0x0000000100000000, 0x0000000100000000)
  eden space 537088K, 0% used [0x00000000d7780000,0x00000000d7780000,0x00000000f8400000)
  from space 62976K, 11% used [0x00000000f8400000,0x00000000f8b03f00,0x00000000fc180000)
  to   space 64000K, 0% used [0x00000000fc180000,0x00000000fc180000,0x0000000100000000)
 ParOldGen       total 264192K, used 151206K [0x0000000086600000, 0x0000000096800000, 0x00000000d7780000)
  object space 264192K, 57% used [0x0000000086600000,0x000000008f9a9888,0x0000000096800000)
 Metaspace       used 10055K, capacity 10216K, committed 10368K, reserved 1058816K
  class space    used 1064K, capacity 1108K, committed 1152K, reserved 1048576K
}
Event: 27.857 GC heap before
{Heap before GC invocations=28 (full 4):
 PSYoungGen      total 600064K, used 544271K [0x00000000d7780000, 0x0000000100000000, 0x0000000100000000)
  eden space 537088K, 100% used [0x00000000d7780000,0x00000000f8400000,0x00000000f8400000)
  from space 62976K, 11% used [0x00000000f8400000,0x00000000f8b03f00,0x00000000fc180000)
  to   space 64000K, 0% used [0x00000000fc180000,0x00000000fc180000,0x0000000100000000)
 ParOldGen       total 264192K, used 151206K [0x0000000086600000, 0x0000000096800000, 0x00000000d7780000)
  object space 264192K, 57% used [0x0000000086600000,0x000000008f9a9888,0x0000000096800000)
 Metaspace       used 10062K, capacity 10216K, committed 10368K, reserved 1058816K
  class space    used 1064K, capacity 1108K, committed 1152K, reserved 1048576K
Event: 27.883 GC heap after
Heap after GC invocations=28 (full 4):
 PSYoungGen      total 564224K, used 62624K [0x00000000d7780000, 0x0000000100000000, 0x0000000100000000)
  eden space 500224K, 0% used [0x00000000d7780000,0x00000000d7780000,0x00000000f6000000)
  from space 64000K, 97% used [0x00000000fc180000,0x00000000ffea83d0,0x0000000100000000)
  to   space 81920K, 0% used [0x00000000f6000000,0x00000000f6000000,0x00000000fb000000)
 ParOldGen       total 264192K, used 158406K [0x0000000086600000, 0x0000000096800000, 0x00000000d7780000)
  object space 264192K, 59% used [0x0000000086600000,0x00000000900b18f8,0x0000000096800000)
 Metaspace       used 10062K, capacity 10216K, committed 10368K, reserved 1058816K
  class space    used 1064K, capacity 1108K, committed 1152K, reserved 1048576K
}
Event: 28.379 GC heap before
{Heap before GC invocations=29 (full 4):
 PSYoungGen      total 564224K, used 562848K [0x00000000d7780000, 0x0000000100000000, 0x0000000100000000)
  eden space 500224K, 100% used [0x00000000d7780000,0x00000000f6000000,0x00000000f6000000)
  from space 64000K, 97% used [0x00000000fc180000,0x00000000ffea83d0,0x0000000100000000)
  to   space 81920K, 0% used [0x00000000f6000000,0x00000000f6000000,0x00000000fb000000)
 ParOldGen       total 264192K, used 158406K [0x0000000086600000, 0x0000000096800000, 0x00000000d7780000)
  object space 264192K, 59% used [0x0000000086600000,0x00000000900b18f8,0x0000000096800000)
 Metaspace       used 10080K, capacity 10280K, committed 10368K, reserved 1058816K
  class space    used 1064K, capacity 1108K, committed 1152K, reserved 1048576K
Event: 28.487 GC heap after
Heap after GC invocations=29 (full 4):
 PSYoungGen      total 579584K, used 79009K [0x00000000d7780000, 0x0000000100000000, 0x0000000100000000)
  eden space 500224K, 0% used [0x00000000d7780000,0x00000000d7780000,0x00000000f6000000)
  from space 79360K, 99% used [0x00000000f6000000,0x00000000fad284d0,0x00000000fad80000)
  to   space 84480K, 0% used [0x00000000fad80000,0x00000000fad80000,0x0000000100000000)
 ParOldGen       total 264192K, used 220975K [0x0000000086600000, 0x0000000096800000, 0x00000000d7780000)
  object space 264192K, 83% used [0x0000000086600000,0x0000000093dcbcc8,0x0000000096800000)
 Metaspace       used 10080K, capacity 10280K, committed 10368K, reserved 1058816K
  class space    used 1064K, capacity 1108K, committed 1152K, reserved 1048576K
}
Event: 28.487 GC heap before
{Heap before GC invocations=30 (full 5):
 PSYoungGen      total 579584K, used 79009K [0x00000000d7780000, 0x0000000100000000, 0x0000000100000000)
  eden space 500224K, 0% used [0x00000000d7780000,0x00000000d7780000,0x00000000f6000000)
  from space 79360K, 99% used [0x00000000f6000000,0x00000000fad284d0,0x00000000fad80000)
  to   space 84480K, 0% used [0x00000000fad80000,0x00000000fad80000,0x0000000100000000)
 ParOldGen       total 264192K, used 220975K [0x0000000086600000, 0x0000000096800000, 0x00000000d7780000)
  object space 264192K, 83% used [0x0000000086600000,0x0000000093dcbcc8,0x0000000096800000)
 Metaspace       used 10080K, capacity 10280K, committed 10368K, reserved 1058816K
  class space    used 1064K, capacity 1108K, committed 1152K, reserved 1048576K
Event: 28.776 GC heap after
Heap after GC invocations=30 (full 5):
 PSYoungGen      total 579584K, used 29696K [0x00000000d7780000, 0x0000000100000000, 0x0000000100000000)
  eden space 500224K, 0% used [0x00000000d7780000,0x00000000d7780000,0x00000000f6000000)
  from space 79360K, 37% used [0x00000000f6000000,0x00000000f7d001d0,0x00000000fad80000)
  to   space 84480K, 0% used [0x00000000fad80000,0x00000000fad80000,0x0000000100000000)
 ParOldGen       total 401920K, used 264036K [0x0000000086600000, 0x000000009ee80000, 0x00000000d7780000)
  object space 401920K, 65% used [0x0000000086600000,0x00000000967d93d8,0x000000009ee80000)
 Metaspace       used 10080K, capacity 10280K, committed 10368K, reserved 1058816K
  class space    used 1064K, capacity 1108K, committed 1152K, reserved 1048576K
}
Event: 29.228 GC heap before
{Heap before GC invocations=31 (full 5):
 PSYoungGen      total 579584K, used 529920K [0x00000000d7780000, 0x0000000100000000, 0x0000000100000000)
  eden space 500224K, 100% used [0x00000000d7780000,0x00000000f6000000,0x00000000f6000000)
  from space 79360K, 37% used [0x00000000f6000000,0x00000000f7d001d0,0x00000000fad80000)
  to   space 84480K, 0% used [0x00000000fad80000,0x00000000fad80000,0x0000000100000000)
 ParOldGen       total 401920K, used 264036K [0x0000000086600000, 0x000000009ee80000, 0x00000000d7780000)
  object space 401920K, 65% used [0x0000000086600000,0x00000000967d93d8,0x000000009ee80000)
 Metaspace       used 10115K, capacity 10280K, committed 10368K, reserved 1058816K
  class space    used 1066K, capacity 1108K, committed 1152K, reserved 1048576K
Event: 30.442 GC heap after
Heap after GC invocations=31 (full 5):
 PSYoungGen      total 536576K, used 84129K [0x00000000d7780000, 0x0000000100000000, 0x0000000100000000)
  eden space 452096K, 0% used [0x00000000d7780000,0x00000000d7780000,0x00000000f3100000)
  from space 84480K, 99% used [0x00000000fad80000,0x00000000fffa8520,0x0000000100000000)
  to   space 105984K, 0% used [0x00000000f3100000,0x00000000f3100000,0x00000000f9880000)
 ParOldGen       total 461824K, used 460655K [0x0000000086600000, 0x00000000a2900000, 0x00000000d7780000)
  object space 461824K, 99% used [0x0000000086600000,0x00000000a27dbfd8,0x00000000a2900000)
 Metaspace       used 10115K, capacity 10280K, committed 10368K, reserved 1058816K
  class space    used 1066K, capacity 1108K, committed 1152K, reserved 1048576K
}
Event: 30.739 GC heap before
{Heap before GC invocations=32 (full 6):
 PSYoungGen      total 536576K, used 84129K [0x00000000d7780000, 0x0000000100000000, 0x0000000100000000)
  eden space 452096K, 0% used [0x00000000d7780000,0x00000000d7780000,0x00000000f3100000)
  from space 84480K, 99% used [0x00000000fad80000,0x00000000fffa8520,0x0000000100000000)
  to   space 105984K, 0% used [0x00000000f3100000,0x00000000f3100000,0x00000000f9880000)
 ParOldGen       total 461824K, used 460655K [0x0000000086600000, 0x00000000a2900000, 0x00000000d7780000)
  object space 461824K, 99% used [0x0000000086600000,0x00000000a27dbfd8,0x00000000a2900000)
 Metaspace       used 10115K, capacity 10280K, committed 10368K, reserved 1058816K
  class space    used 1066K, capacity 1108K, committed 1152K, reserved 1048576K

